[18:25:03] [ServerMain/INFO]: [bootstrap] Running Java 21 (OpenJDK 64-Bit Server VM 21.0.5+11-Ubuntu-1ubuntu120.04; Ubuntu null) on Linux 6.5.0-1025-azure (amd64)
[18:25:03] [ServerMain/INFO]: [bootstrap] Loading Paper 1.21-130-master@b1b5d4c (2024-08-10T10:02:42Z) for Minecraft 1.21
[18:25:03] [ServerMain/INFO]: [PluginInitializerManager] Initializing plugins...
[18:25:03] [ServerMain/INFO]: [PluginInitializerManager] Initialized 0 plugins
[18:25:04] [Paper Plugin Remapper Thread - 0/INFO]: [ReobfServer] Remapping server...
[18:25:09] [ServerMain/INFO]: Environment: Environment[sessionHost=https://sessionserver.mojang.com, servicesHost=https://api.minecraftservices.com, name=PROD]
[18:25:09] [ServerMain/INFO]: Found new data pack file/bukkit, loading it automatically
[18:25:09] [ServerMain/INFO]: Found new data pack paper, loading it automatically
[18:25:10] [ServerMain/INFO]: No existing world data, creating new world
[18:25:12] [ServerMain/INFO]: Loaded 1290 recipes
[18:25:12] [ServerMain/INFO]: Loaded 1399 advancements
[18:25:12] [Paper Plugin Remapper Thread - 0/INFO]: [ReobfServer] Done remapping server in 8523ms.
[18:25:12] [Server thread/INFO]: Starting minecraft server version 1.21
[18:25:12] [Server thread/INFO]: Loading properties
[18:25:12] [Server thread/INFO]: This server is running Paper version 1.21-130-master@b1b5d4c (2024-08-10T10:02:42Z) (Implementing API version 1.21-R0.1-SNAPSHOT)
[18:25:13] [Server thread/INFO]: [spark] This server bundles the spark profiler. For more information please visit https://docs.papermc.io/paper/profiling
[18:25:13] [Server thread/INFO]: Server Ping Player Sample Count: 12
[18:25:13] [Server thread/INFO]: Using 4 threads for Netty based IO
[18:25:14] [Server thread/INFO]: [ChunkTaskScheduler] Chunk system is using 1 I/O threads, 1 worker threads, and population gen parallelism of 1 threads
[18:25:14] [Server thread/INFO]: Default game type: SURVIVAL
[18:25:14] [Server thread/INFO]: Generating keypair
[18:25:14] [Server thread/INFO]: Starting Minecraft server on *:25565
[18:25:14] [Server thread/INFO]: Using epoll channel type
[18:25:14] [Server thread/INFO]: Paper: Using libdeflate (Linux x86_64) compression from Velocity.
[18:25:14] [Server thread/INFO]: Paper: Using OpenSSL 1.1.x (Linux x86_64) cipher from Velocity.
[18:25:14] [Server thread/WARN]: **** SERVER IS RUNNING IN OFFLINE/INSECURE MODE!
[18:25:14] [Server thread/WARN]: The server will make no attempt to authenticate usernames. Beware.
[18:25:14] [Server thread/WARN]: While this makes the game possible to play without internet access, it also opens up the ability for hackers to connect with any username they choose.
[18:25:14] [Server thread/WARN]: To change this, set "online-mode" to "true" in the server.properties file.
[18:25:14] [Server thread/INFO]: Preparing level "world"
[18:25:24] [Server thread/INFO]: Preparing start region for dimension minecraft:overworld
[18:25:30] [Server thread/INFO]: Time elapsed: 5752 ms
[18:25:30] [Server thread/INFO]: Preparing start region for dimension minecraft:the_nether
[18:25:32] [Server thread/INFO]: Time elapsed: 2060 ms
[18:25:32] [Server thread/INFO]: Preparing start region for dimension minecraft:the_end
[18:25:33] [Server thread/INFO]: Time elapsed: 493 ms
[18:25:33] [Server thread/INFO]: [spark] Starting background profiler...
[18:25:33] [Server thread/INFO]: Done preparing level "world" (18.657s)
[18:25:33] [Server thread/INFO]: Running delayed init tasks
[18:25:33] [Server thread/INFO]: Done (31.260s)! For help, type "help"
[18:25:33] [Server thread/INFO]: *************************************************************************************
[18:25:33] [Server thread/INFO]: This is the first time you're starting this server.
[18:25:33] [Server thread/INFO]: It's recommended you read our 'Getting Started' documentation for guidance.
[18:25:33] [Server thread/INFO]: View this and more helpful information here: https://docs.papermc.io/paper/next-steps
[18:25:33] [Server thread/INFO]: *************************************************************************************
[18:25:33] [Server thread/INFO]: Timings Reset
